# JRE version: OpenJDK Runtime Environment (17.0.7) (build 17.0.7+0-b2043.56-10550314)
# Java VM: OpenJDK 64-Bit Server VM (17.0.7+0-b2043.56-10550314, mixed mode, tiered, compressed oops, compressed class ptrs, g1 gc, windows-amd64)
GC Precious Log:
 CPUs: 16 total, 16 available
 Memory: 14181M
 Large Page Support: Disabled
 NUMA Support: Disabled
 Compressed Oops: Enabled (32-bit)
 Heap Region Size: 1M
 Heap Min Capacity: 8M
 Heap Initial Capacity: 222M
 Heap Max Capacity: 2G
 Pre-touch: Disabled
 Parallel Workers: 13
 Concurrent Workers: 3
 Concurrent Refinement Workers: 13
 Periodic GC: Disabled
Heap:
 garbage-first heap   total 128000K, used 78204K [0x0000000080000000, 0x0000000100000000)
  region size 1024K, 5 young (5120K), 5 survivors (5120K)
 Metaspace       used 56415K, committed 57088K, reserved 1114112K
  class space    used 7565K, committed 7872K, reserved 1048576K
GC Heap History (20 events):
Event: 4.158 GC heap after
{Heap after GC invocations=11 (full 0):
 garbage-first heap   total 104448K, used 49193K [0x0000000080000000, 0x0000000100000000)
  region size 1024K, 4 young (4096K), 4 survivors (4096K)
 Metaspace       used 34410K, committed 34816K, reserved 1114112K
  class space    used 4760K, committed 4928K, reserved 1048576K
}
Event: 4.775 GC heap before
{Heap before GC invocations=12 (full 0):
 garbage-first heap   total 104448K, used 76841K [0x0000000080000000, 0x0000000100000000)
  region size 1024K, 32 young (32768K), 4 survivors (4096K)
 Metaspace       used 40670K, committed 41024K, reserved 1114112K
  class space    used 5497K, committed 5632K, reserved 1048576K
}
Event: 4.779 GC heap after
{Heap after GC invocations=13 (full 0):
 garbage-first heap   total 104448K, used 51749K [0x0000000080000000, 0x0000000100000000)
  region size 1024K, 4 young (4096K), 4 survivors (4096K)
 Metaspace       used 40670K, committed 41024K, reserved 1114112K
  class space    used 5497K, committed 5632K, reserved 1048576K
}
Event: 5.035 GC heap before
{Heap before GC invocations=13 (full 0):
 garbage-first heap   total 104448K, used 78373K [0x0000000080000000, 0x0000000100000000)
  region size 1024K, 31 young (31744K), 4 survivors (4096K)
 Metaspace       used 42712K, committed 43072K, reserved 1114112K
  class space    used 5710K, committed 5888K, reserved 1048576K
}
Event: 5.040 GC heap after
{Heap after GC invocations=14 (full 0):
 garbage-first heap   total 104448K, used 54540K [0x0000000080000000, 0x0000000100000000)
  region size 1024K, 3 young (3072K), 3 survivors (3072K)
 Metaspace       used 42712K, committed 43072K, reserved 1114112K
  class space    used 5710K, committed 5888K, reserved 1048576K
}
Event: 5.152 GC heap before
{Heap before GC invocations=15 (full 0):
 garbage-first heap   total 104448K, used 59660K [0x0000000080000000, 0x0000000100000000)
  region size 1024K, 10 young (10240K), 3 survivors (3072K)
 Metaspace       used 43113K, committed 43520K, reserved 1114112K
  class space    used 5754K, committed 5952K, reserved 1048576K
}
Event: 5.155 GC heap after
{Heap after GC invocations=16 (full 0):
 garbage-first heap   total 104448K, used 55426K [0x0000000080000000, 0x0000000100000000)
  region size 1024K, 2 young (2048K), 2 survivors (2048K)
 Metaspace       used 43113K, committed 43520K, reserved 1114112K
  class space    used 5754K, committed 5952K, reserved 1048576K
}
Event: 5.713 GC heap before
{Heap before GC invocations=17 (full 0):
 garbage-first heap   total 106496K, used 85122K [0x0000000080000000, 0x0000000100000000)
  region size 1024K, 27 young (27648K), 2 survivors (2048K)
 Metaspace       used 46958K, committed 47360K, reserved 1114112K
  class space    used 6224K, committed 6400K, reserved 1048576K
}
Event: 5.715 GC heap after
{Heap after GC invocations=18 (full 0):
 garbage-first heap   total 128000K, used 56508K [0x0000000080000000, 0x0000000100000000)
  region size 1024K, 3 young (3072K), 3 survivors (3072K)
 Metaspace       used 46958K, committed 47360K, reserved 1114112K
  class space    used 6224K, committed 6400K, reserved 1048576K
}
Event: 5.983 GC heap before
{Heap before GC invocations=18 (full 0):
 garbage-first heap   total 128000K, used 73916K [0x0000000080000000, 0x0000000100000000)
  region size 1024K, 21 young (21504K), 3 survivors (3072K)
 Metaspace       used 48178K, committed 48704K, reserved 1114112K
  class space    used 6415K, committed 6656K, reserved 1048576K
}
Event: 5.987 GC heap after
{Heap after GC invocations=19 (full 0):
 garbage-first heap   total 128000K, used 58555K [0x0000000080000000, 0x0000000100000000)
  region size 1024K, 5 young (5120K), 5 survivors (5120K)
 Metaspace       used 48178K, committed 48704K, reserved 1114112K
  class space    used 6415K, committed 6656K, reserved 1048576K
}
Event: 6.021 GC heap before
{Heap before GC invocations=19 (full 0):
 garbage-first heap   total 128000K, used 64699K [0x0000000080000000, 0x0000000100000000)
  region size 1024K, 10 young (10240K), 5 survivors (5120K)
 Metaspace       used 48511K, committed 48960K, reserved 1114112K
  class space    used 6439K, committed 6656K, reserved 1048576K
}
Event: 6.024 GC heap after
{Heap after GC invocations=20 (full 0):
 garbage-first heap   total 128000K, used 62815K [0x0000000080000000, 0x0000000100000000)
  region size 1024K, 4 young (4096K), 4 survivors (4096K)
 Metaspace       used 48511K, committed 48960K, reserved 1114112K
  class space    used 6439K, committed 6656K, reserved 1048576K
}
Event: 6.580 GC heap before
{Heap before GC invocations=21 (full 0):
 garbage-first heap   total 128000K, used 98655K [0x0000000080000000, 0x0000000100000000)
  region size 1024K, 37 young (37888K), 4 survivors (4096K)
 Metaspace       used 51175K, committed 51712K, reserved 1114112K
  class space    used 6745K, committed 6976K, reserved 1048576K
}
Event: 6.584 GC heap after
{Heap after GC invocations=22 (full 0):
 garbage-first heap   total 128000K, used 65703K [0x0000000080000000, 0x0000000100000000)
  region size 1024K, 5 young (5120K), 5 survivors (5120K)
 Metaspace       used 51175K, committed 51712K, reserved 1114112K
  class space    used 6745K, committed 6976K, reserved 1048576K
}
Event: 7.236 GC heap before
{Heap before GC invocations=22 (full 0):
 garbage-first heap   total 128000K, used 98471K [0x0000000080000000, 0x0000000100000000)
  region size 1024K, 37 young (37888K), 5 survivors (5120K)
 Metaspace       used 54500K, committed 55040K, reserved 1114112K
  class space    used 7319K, committed 7552K, reserved 1048576K
}
Event: 7.240 GC heap after
{Heap after GC invocations=23 (full 0):
 garbage-first heap   total 128000K, used 67771K [0x0000000080000000, 0x0000000100000000)
  region size 1024K, 3 young (3072K), 3 survivors (3072K)
 Metaspace       used 54500K, committed 55040K, reserved 1114112K
  class space    used 7319K, committed 7552K, reserved 1048576K
}
Event: 7.781 GC heap before
{Heap before GC invocations=24 (full 0):
 garbage-first heap   total 128000K, used 95419K [0x0000000080000000, 0x0000000100000000)
  region size 1024K, 32 young (32768K), 3 survivors (3072K)
 Metaspace       used 56079K, committed 56768K, reserved 1114112K
  class space    used 7506K, committed 7808K, reserved 1048576K
}
Event: 7.784 GC heap after
{Heap after GC invocations=25 (full 0):
 garbage-first heap   total 128000K, used 69890K [0x0000000080000000, 0x0000000100000000)
  region size 1024K, 5 young (5120K), 5 survivors (5120K)
 Metaspace       used 56079K, committed 56768K, reserved 1114112K
  class space    used 7506K, committed 7808K, reserved 1048576K
}
Event: 7.847 GC heap before
{Heap before GC invocations=26 (full 0):
 garbage-first heap   total 128000K, used 81154K [0x0000000080000000, 0x0000000100000000)
  region size 1024K, 14 young (14336K), 5 survivors (5120K)
 Metaspace       used 56415K, committed 57088K, reserved 1114112K
  class space    used 7565K, committed 7872K, reserved 1048576K
}

