# JRE version: OpenJDK Runtime Environment (17.0.7) (build 17.0.7+0-b2043.56-10550314)
# Java VM: OpenJDK 64-Bit Server VM (17.0.7+0-b2043.56-10550314, mixed mode, tiered, compressed oops, compressed class ptrs, g1 gc, windows-amd64)
GC Precious Log:
 CPUs: 16 total, 16 available
 Memory: 14181M
 Large Page Support: Disabled
 NUMA Support: Disabled
 Compressed Oops: Enabled (32-bit)
 Heap Region Size: 1M
 Heap Min Capacity: 8M
 Heap Initial Capacity: 222M
 Heap Max Capacity: 2G
 Pre-touch: Disabled
 Parallel Workers: 13
 Concurrent Workers: 3
 Concurrent Refinement Workers: 13
 Periodic GC: Disabled
Heap:
 garbage-first heap   total 473088K, used 408509K [0x0000000080000000, 0x0000000100000000)
  region size 1024K, 1 young (1024K), 1 survivors (1024K)
 Metaspace       used 146487K, committed 147904K, reserved 1179648K
  class space    used 19915K, committed 20608K, reserved 1048576K
GC Heap History (20 events):
Event: 609.842 GC heap after
{Heap after GC invocations=78 (full 0):
 garbage-first heap   total 473088K, used 347673K [0x0000000080000000, 0x0000000100000000)
  region size 1024K, 9 young (9216K), 9 survivors (9216K)
 Metaspace       used 145969K, committed 147328K, reserved 1179648K
  class space    used 19872K, committed 20480K, reserved 1048576K
}
Event: 636.217 GC heap before
{Heap before GC invocations=78 (full 0):
 garbage-first heap   total 473088K, used 405017K [0x0000000080000000, 0x0000000100000000)
  region size 1024K, 55 young (56320K), 9 survivors (9216K)
 Metaspace       used 146189K, committed 147648K, reserved 1179648K
  class space    used 19912K, committed 20608K, reserved 1048576K
}
Event: 636.223 GC heap after
{Heap after GC invocations=79 (full 0):
 garbage-first heap   total 473088K, used 350846K [0x0000000080000000, 0x0000000100000000)
  region size 1024K, 3 young (3072K), 3 survivors (3072K)
 Metaspace       used 146189K, committed 147648K, reserved 1179648K
  class space    used 19912K, committed 20608K, reserved 1048576K
}
Event: 636.565 GC heap before
{Heap before GC invocations=79 (full 0):
 garbage-first heap   total 473088K, used 399998K [0x0000000080000000, 0x0000000100000000)
  region size 1024K, 50 young (51200K), 3 survivors (3072K)
 Metaspace       used 146260K, committed 147712K, reserved 1179648K
  class space    used 19912K, committed 20608K, reserved 1048576K
}
Event: 636.574 GC heap after
{Heap after GC invocations=80 (full 0):
 garbage-first heap   total 473088K, used 365873K [0x0000000080000000, 0x0000000100000000)
  region size 1024K, 7 young (7168K), 7 survivors (7168K)
 Metaspace       used 146260K, committed 147712K, reserved 1179648K
  class space    used 19912K, committed 20608K, reserved 1048576K
}
Event: 636.727 GC heap before
{Heap before GC invocations=80 (full 0):
 garbage-first heap   total 473088K, used 415025K [0x0000000080000000, 0x0000000100000000)
  region size 1024K, 39 young (39936K), 7 survivors (7168K)
 Metaspace       used 146301K, committed 147776K, reserved 1179648K
  class space    used 19912K, committed 20608K, reserved 1048576K
}
Event: 636.734 GC heap after
{Heap after GC invocations=81 (full 0):
 garbage-first heap   total 473088K, used 370980K [0x0000000080000000, 0x0000000100000000)
  region size 1024K, 5 young (5120K), 5 survivors (5120K)
 Metaspace       used 146301K, committed 147776K, reserved 1179648K
  class space    used 19912K, committed 20608K, reserved 1048576K
}
Event: 638.218 GC heap before
{Heap before GC invocations=81 (full 0):
 garbage-first heap   total 473088K, used 400676K [0x0000000080000000, 0x0000000100000000)
  region size 1024K, 35 young (35840K), 5 survivors (5120K)
 Metaspace       used 146333K, committed 147776K, reserved 1179648K
  class space    used 19913K, committed 20608K, reserved 1048576K
}
Event: 638.224 GC heap after
{Heap after GC invocations=82 (full 0):
 garbage-first heap   total 473088K, used 376458K [0x0000000080000000, 0x0000000100000000)
  region size 1024K, 5 young (5120K), 5 survivors (5120K)
 Metaspace       used 146333K, committed 147776K, reserved 1179648K
  class space    used 19913K, committed 20608K, reserved 1048576K
}
Event: 638.411 GC heap before
{Heap before GC invocations=82 (full 0):
 garbage-first heap   total 473088K, used 415370K [0x0000000080000000, 0x0000000100000000)
  region size 1024K, 33 young (33792K), 5 survivors (5120K)
 Metaspace       used 146353K, committed 147840K, reserved 1179648K
  class space    used 19914K, committed 20608K, reserved 1048576K
}
Event: 638.413 GC heap after
{Heap after GC invocations=83 (full 0):
 garbage-first heap   total 473088K, used 374185K [0x0000000080000000, 0x0000000100000000)
  region size 1024K, 1 young (1024K), 1 survivors (1024K)
 Metaspace       used 146353K, committed 147840K, reserved 1179648K
  class space    used 19914K, committed 20608K, reserved 1048576K
}
Event: 734.978 GC heap before
{Heap before GC invocations=83 (full 0):
 garbage-first heap   total 473088K, used 405929K [0x0000000080000000, 0x0000000100000000)
  region size 1024K, 33 young (33792K), 1 survivors (1024K)
 Metaspace       used 146444K, committed 147840K, reserved 1179648K
  class space    used 19915K, committed 20608K, reserved 1048576K
}
Event: 734.982 GC heap after
{Heap after GC invocations=84 (full 0):
 garbage-first heap   total 473088K, used 378042K [0x0000000080000000, 0x0000000100000000)
  region size 1024K, 5 young (5120K), 5 survivors (5120K)
 Metaspace       used 146444K, committed 147840K, reserved 1179648K
  class space    used 19915K, committed 20608K, reserved 1048576K
}
Event: 735.147 GC heap before
{Heap before GC invocations=84 (full 0):
 garbage-first heap   total 473088K, used 409786K [0x0000000080000000, 0x0000000100000000)
  region size 1024K, 35 young (35840K), 5 survivors (5120K)
 Metaspace       used 146486K, committed 147904K, reserved 1179648K
  class space    used 19915K, committed 20608K, reserved 1048576K
}
Event: 735.156 GC heap after
{Heap after GC invocations=85 (full 0):
 garbage-first heap   total 473088K, used 394537K [0x0000000080000000, 0x0000000100000000)
  region size 1024K, 5 young (5120K), 5 survivors (5120K)
 Metaspace       used 146486K, committed 147904K, reserved 1179648K
  class space    used 19915K, committed 20608K, reserved 1048576K
}
Event: 735.222 GC heap before
{Heap before GC invocations=85 (full 0):
 garbage-first heap   total 473088K, used 411945K [0x0000000080000000, 0x0000000100000000)
  region size 1024K, 23 young (23552K), 5 survivors (5120K)
 Metaspace       used 146487K, committed 147904K, reserved 1179648K
  class space    used 19915K, committed 20608K, reserved 1048576K
}
Event: 735.229 GC heap after
{Heap after GC invocations=86 (full 0):
 garbage-first heap   total 473088K, used 403611K [0x0000000080000000, 0x0000000100000000)
  region size 1024K, 3 young (3072K), 3 survivors (3072K)
 Metaspace       used 146487K, committed 147904K, reserved 1179648K
  class space    used 19915K, committed 20608K, reserved 1048576K
}
Event: 735.237 GC heap before
{Heap before GC invocations=86 (full 0):
 garbage-first heap   total 473088K, used 407707K [0x0000000080000000, 0x0000000100000000)
  region size 1024K, 5 young (5120K), 3 survivors (3072K)
 Metaspace       used 146487K, committed 147904K, reserved 1179648K
  class space    used 19915K, committed 20608K, reserved 1048576K
}
Event: 735.241 GC heap after
{Heap after GC invocations=87 (full 0):
 garbage-first heap   total 473088K, used 406537K [0x0000000080000000, 0x0000000100000000)
  region size 1024K, 1 young (1024K), 1 survivors (1024K)
 Metaspace       used 146487K, committed 147904K, reserved 1179648K
  class space    used 19915K, committed 20608K, reserved 1048576K
}
Event: 735.250 GC heap before
{Heap before GC invocations=87 (full 0):
 garbage-first heap   total 473088K, used 410633K [0x0000000080000000, 0x0000000100000000)
  region size 1024K, 2 young (2048K), 1 survivors (1024K)
 Metaspace       used 146487K, committed 147904K, reserved 1179648K
  class space    used 19915K, committed 20608K, reserved 1048576K
}

